<?xml version="1.0" encoding="UTF-8"?>
<!-- Generated by org.testng.reporters.JUnitReportReporter -->
<testsuite hostname="LAPTOP-BUCV5FUF" failures="0" tests="1" name="test.testPractice2" time="0.001" errors="0" timestamp="2023-04-18T17:36:00 IST" skipped="0">
  <testcase classname="test.testPractice2" name="ploan" time="0.001"/>
  <system-out/>
</testsuite> <!-- test.testPractice2 -->
