<?xml version="1.0" encoding="UTF-8"?>
<!-- Generated by org.testng.reporters.JUnitReportReporter -->
<testsuite hostname="LAPTOP-BUCV5FUF" failures="0" tests="6" name="test.testPractice3" time="0.009" errors="0" timestamp="2023-04-18T17:36:00 IST" skipped="1">
  <testcase classname="test.testPractice3" name="mobileSignoutLoan" time="0.000"/>
  <system-out/>
  <testcase classname="test.testPractice3" name="mobileSignoutLoan" time="0.002"/>
  <system-out/>
  <testcase classname="test.testPractice3" name="mobileLoginCarLoan" time="0.004"/>
  <system-out/>
  <testcase classname="test.testPractice3" name="webLoginCarLoan" time="0.002"/>
  <system-out/>
  <testcase classname="test.testPractice3" name="mobileSignoutLoan" time="0.001"/>
  <system-out/>
  <testcase classname="test.testPractice3" name="mobileSignInCarLoan">
    <skipped/>
  </testcase> <!-- mobileSignInCarLoan -->
  <system-out/>
</testsuite> <!-- test.testPractice3 -->
