<?xml version="1.0" encoding="UTF-8"?>
<!-- Generated by org.testng.reporters.JUnitReportReporter -->
<testsuite hostname="LAPTOP-BUCV5FUF" failures="0" tests="3" name="test.testPractice4" time="0.003" errors="0" timestamp="2023-04-18T17:36:00 IST" skipped="0">
  <testcase classname="test.testPractice4" name="mobileLoginHomeLoan" time="0.001"/>
  <system-out/>
  <testcase classname="test.testPractice4" name="apiLoginHomeLoan" time="0.001"/>
  <system-out/>
  <testcase classname="test.testPractice4" name="webLoginHomeLoan" time="0.001"/>
  <system-out/>
</testsuite> <!-- test.testPractice4 -->
